# JRE version: OpenJDK Runtime Environment Temurin-21.0.9+10 (21.0.9+10) (build 21.0.9+10-LTS)
# Java VM: OpenJDK 64-Bit Server VM Temurin-21.0.9+10 (21.0.9+10-LTS, mixed mode, sharing, tiered, compressed oops, compressed class ptrs, parallel gc, windows-amd64)
GC Precious Log:
 CardTable entry size: 512
 CPUs: 4 total, 4 available
 Memory: 6063M
 Large Page Support: Disabled
 NUMA Support: Disabled
 Compressed Oops: Enabled (32-bit)
 Alignments: Space 512K, Generation 512K, Heap 2M
 Heap Min Capacity: 100M
 Heap Initial Capacity: 100M
 Heap Max Capacity: 2G
 Pre-touch: Disabled
 Parallel Workers: 4
Heap:
 PSYoungGen      total 4096K, used 3393K [0x00000000d5580000, 0x00000000d5b80000, 0x0000000100000000)
  eden space 2560K, 89% used [0x00000000d5580000,0x00000000d57bd4d0,0x00000000d5800000)
  from space 1536K, 71% used [0x00000000d5a00000,0x00000000d5b131e0,0x00000000d5b80000)
  to   space 1536K, 0% used [0x00000000d5880000,0x00000000d5880000,0x00000000d5a00000)
 ParOldGen       total 398336K, used 398026K [0x0000000080000000, 0x0000000098500000, 0x00000000d5580000)
  object space 398336K, 99% used [0x0000000080000000,0x00000000984b2860,0x0000000098500000)
 Metaspace       used 68502K, committed 69824K, reserved 1114112K
  class space    used 7312K, committed 7872K, reserved 1048576K
GC Heap History (20 events):
Event: 1058.754 GC heap before
{Heap before GC invocations=356 (full 3):
 PSYoungGen      total 5120K, used 4571K [0x00000000d5580000, 0x00000000d5c00000, 0x0000000100000000)
  eden space 4608K, 92% used [0x00000000d5580000,0x00000000d59a9ea8,0x00000000d5a00000)
  from space 512K, 60% used [0x00000000d5b80000,0x00000000d5bcd078,0x00000000d5c00000)
  to   space 512K, 0% used [0x00000000d5b00000,0x00000000d5b00000,0x00000000d5b80000)
 ParOldGen       total 388608K, used 388283K [0x0000000080000000, 0x0000000097b80000, 0x00000000d5580000)
  object space 388608K, 99% used [0x0000000080000000,0x0000000097b2ec80,0x0000000097b80000)
 Metaspace       used 67602K, committed 68992K, reserved 1114112K
  class space    used 7230K, committed 7808K, reserved 1048576K
}
Event: 1058.827 GC heap after
{Heap after GC invocations=356 (full 3):
 PSYoungGen      total 5120K, used 256K [0x00000000d5580000, 0x00000000d5c00000, 0x0000000100000000)
  eden space 4608K, 0% used [0x00000000d5580000,0x00000000d5580000,0x00000000d5a00000)
  from space 512K, 50% used [0x00000000d5b00000,0x00000000d5b40000,0x00000000d5b80000)
  to   space 512K, 0% used [0x00000000d5b80000,0x00000000d5b80000,0x00000000d5c00000)
 ParOldGen       total 388608K, used 388443K [0x0000000080000000, 0x0000000097b80000, 0x00000000d5580000)
  object space 388608K, 99% used [0x0000000080000000,0x0000000097b56c80,0x0000000097b80000)
 Metaspace       used 67602K, committed 68992K, reserved 1114112K
  class space    used 7230K, committed 7808K, reserved 1048576K
}
Event: 1059.039 GC heap before
{Heap before GC invocations=357 (full 3):
 PSYoungGen      total 5120K, used 3919K [0x00000000d5580000, 0x00000000d5c00000, 0x0000000100000000)
  eden space 4608K, 79% used [0x00000000d5580000,0x00000000d5913d58,0x00000000d5a00000)
  from space 512K, 50% used [0x00000000d5b00000,0x00000000d5b40000,0x00000000d5b80000)
  to   space 512K, 0% used [0x00000000d5b80000,0x00000000d5b80000,0x00000000d5c00000)
 ParOldGen       total 388608K, used 388443K [0x0000000080000000, 0x0000000097b80000, 0x00000000d5580000)
  object space 388608K, 99% used [0x0000000080000000,0x0000000097b56c80,0x0000000097b80000)
 Metaspace       used 67660K, committed 69056K, reserved 1114112K
  class space    used 7236K, committed 7808K, reserved 1048576K
}
Event: 1059.044 GC heap after
{Heap after GC invocations=357 (full 3):
 PSYoungGen      total 5120K, used 480K [0x00000000d5580000, 0x00000000d5c00000, 0x0000000100000000)
  eden space 4608K, 0% used [0x00000000d5580000,0x00000000d5580000,0x00000000d5a00000)
  from space 512K, 93% used [0x00000000d5b80000,0x00000000d5bf8060,0x00000000d5c00000)
  to   space 1024K, 0% used [0x00000000d5a00000,0x00000000d5a00000,0x00000000d5b00000)
 ParOldGen       total 389120K, used 388680K [0x0000000080000000, 0x0000000097c00000, 0x00000000d5580000)
  object space 389120K, 99% used [0x0000000080000000,0x0000000097b92110,0x0000000097c00000)
 Metaspace       used 67660K, committed 69056K, reserved 1114112K
  class space    used 7236K, committed 7808K, reserved 1048576K
}
Event: 1059.129 GC heap before
{Heap before GC invocations=358 (full 3):
 PSYoungGen      total 5120K, used 5088K [0x00000000d5580000, 0x00000000d5c00000, 0x0000000100000000)
  eden space 4608K, 100% used [0x00000000d5580000,0x00000000d5a00000,0x00000000d5a00000)
  from space 512K, 93% used [0x00000000d5b80000,0x00000000d5bf8060,0x00000000d5c00000)
  to   space 1024K, 0% used [0x00000000d5a00000,0x00000000d5a00000,0x00000000d5b00000)
 ParOldGen       total 389120K, used 388680K [0x0000000080000000, 0x0000000097c00000, 0x00000000d5580000)
  object space 389120K, 99% used [0x0000000080000000,0x0000000097b92110,0x0000000097c00000)
 Metaspace       used 67695K, committed 69056K, reserved 1114112K
  class space    used 7236K, committed 7808K, reserved 1048576K
}
Event: 1059.138 GC heap after
{Heap after GC invocations=358 (full 3):
 PSYoungGen      total 5632K, used 579K [0x00000000d5580000, 0x00000000d5c00000, 0x0000000100000000)
  eden space 4608K, 0% used [0x00000000d5580000,0x00000000d5580000,0x00000000d5a00000)
  from space 1024K, 56% used [0x00000000d5a00000,0x00000000d5a90d08,0x00000000d5b00000)
  to   space 1024K, 0% used [0x00000000d5b00000,0x00000000d5b00000,0x00000000d5c00000)
 ParOldGen       total 393216K, used 392755K [0x0000000080000000, 0x0000000098000000, 0x00000000d5580000)
  object space 393216K, 99% used [0x0000000080000000,0x0000000097f8cfb0,0x0000000098000000)
 Metaspace       used 67695K, committed 69056K, reserved 1114112K
  class space    used 7236K, committed 7808K, reserved 1048576K
}
Event: 1059.872 GC heap before
{Heap before GC invocations=359 (full 3):
 PSYoungGen      total 5632K, used 5187K [0x00000000d5580000, 0x00000000d5c00000, 0x0000000100000000)
  eden space 4608K, 100% used [0x00000000d5580000,0x00000000d5a00000,0x00000000d5a00000)
  from space 1024K, 56% used [0x00000000d5a00000,0x00000000d5a90d08,0x00000000d5b00000)
  to   space 1024K, 0% used [0x00000000d5b00000,0x00000000d5b00000,0x00000000d5c00000)
 ParOldGen       total 393216K, used 392755K [0x0000000080000000, 0x0000000098000000, 0x00000000d5580000)
  object space 393216K, 99% used [0x0000000080000000,0x0000000097f8cfb0,0x0000000098000000)
 Metaspace       used 67720K, committed 69056K, reserved 1114112K
  class space    used 7239K, committed 7808K, reserved 1048576K
}
Event: 1059.877 GC heap after
{Heap after GC invocations=359 (full 3):
 PSYoungGen      total 5120K, used 160K [0x00000000d5580000, 0x00000000d5b80000, 0x0000000100000000)
  eden space 4608K, 0% used [0x00000000d5580000,0x00000000d5580000,0x00000000d5a00000)
  from space 512K, 31% used [0x00000000d5b00000,0x00000000d5b28000,0x00000000d5b80000)
  to   space 512K, 0% used [0x00000000d5a80000,0x00000000d5a80000,0x00000000d5b00000)
 ParOldGen       total 393216K, used 392896K [0x0000000080000000, 0x0000000098000000, 0x00000000d5580000)
  object space 393216K, 99% used [0x0000000080000000,0x0000000097fb0260,0x0000000098000000)
 Metaspace       used 67720K, committed 69056K, reserved 1114112K
  class space    used 7239K, committed 7808K, reserved 1048576K
}
Event: 1062.569 GC heap before
{Heap before GC invocations=360 (full 3):
 PSYoungGen      total 5120K, used 4768K [0x00000000d5580000, 0x00000000d5b80000, 0x0000000100000000)
  eden space 4608K, 100% used [0x00000000d5580000,0x00000000d5a00000,0x00000000d5a00000)
  from space 512K, 31% used [0x00000000d5b00000,0x00000000d5b28000,0x00000000d5b80000)
  to   space 512K, 0% used [0x00000000d5a80000,0x00000000d5a80000,0x00000000d5b00000)
 ParOldGen       total 393216K, used 392896K [0x0000000080000000, 0x0000000098000000, 0x00000000d5580000)
  object space 393216K, 99% used [0x0000000080000000,0x0000000097fb0260,0x0000000098000000)
 Metaspace       used 67864K, committed 69248K, reserved 1114112K
  class space    used 7251K, committed 7808K, reserved 1048576K
}
Event: 1062.574 GC heap after
{Heap after GC invocations=360 (full 3):
 PSYoungGen      total 5120K, used 400K [0x00000000d5580000, 0x00000000d5b80000, 0x0000000100000000)
  eden space 4608K, 0% used [0x00000000d5580000,0x00000000d5580000,0x00000000d5a00000)
  from space 512K, 78% used [0x00000000d5a80000,0x00000000d5ae4010,0x00000000d5b00000)
  to   space 512K, 0% used [0x00000000d5b00000,0x00000000d5b00000,0x00000000d5b80000)
 ParOldGen       total 393216K, used 393008K [0x0000000080000000, 0x0000000098000000, 0x00000000d5580000)
  object space 393216K, 99% used [0x0000000080000000,0x0000000097fcc260,0x0000000098000000)
 Metaspace       used 67864K, committed 69248K, reserved 1114112K
  class space    used 7251K, committed 7808K, reserved 1048576K
}
Event: 1063.479 GC heap before
{Heap before GC invocations=361 (full 3):
 PSYoungGen      total 5120K, used 5008K [0x00000000d5580000, 0x00000000d5b80000, 0x0000000100000000)
  eden space 4608K, 100% used [0x00000000d5580000,0x00000000d5a00000,0x00000000d5a00000)
  from space 512K, 78% used [0x00000000d5a80000,0x00000000d5ae4010,0x00000000d5b00000)
  to   space 512K, 0% used [0x00000000d5b00000,0x00000000d5b00000,0x00000000d5b80000)
 ParOldGen       total 393216K, used 393008K [0x0000000080000000, 0x0000000098000000, 0x00000000d5580000)
  object space 393216K, 99% used [0x0000000080000000,0x0000000097fcc260,0x0000000098000000)
 Metaspace       used 68118K, committed 69440K, reserved 1114112K
  class space    used 7269K, committed 7808K, reserved 1048576K
}
Event: 1063.482 GC heap after
{Heap after GC invocations=361 (full 3):
 PSYoungGen      total 5120K, used 128K [0x00000000d5580000, 0x00000000d5b80000, 0x0000000100000000)
  eden space 4608K, 0% used [0x00000000d5580000,0x00000000d5580000,0x00000000d5a00000)
  from space 512K, 25% used [0x00000000d5b00000,0x00000000d5b20000,0x00000000d5b80000)
  to   space 512K, 0% used [0x00000000d5a80000,0x00000000d5a80000,0x00000000d5b00000)
 ParOldGen       total 393216K, used 393186K [0x0000000080000000, 0x0000000098000000, 0x00000000d5580000)
  object space 393216K, 99% used [0x0000000080000000,0x0000000097ff8b70,0x0000000098000000)
 Metaspace       used 68118K, committed 69440K, reserved 1114112K
  class space    used 7269K, committed 7808K, reserved 1048576K
}
Event: 1066.206 GC heap before
{Heap before GC invocations=362 (full 3):
 PSYoungGen      total 5120K, used 4736K [0x00000000d5580000, 0x00000000d5b80000, 0x0000000100000000)
  eden space 4608K, 100% used [0x00000000d5580000,0x00000000d5a00000,0x00000000d5a00000)
  from space 512K, 25% used [0x00000000d5b00000,0x00000000d5b20000,0x00000000d5b80000)
  to   space 512K, 0% used [0x00000000d5a80000,0x00000000d5a80000,0x00000000d5b00000)
 ParOldGen       total 393216K, used 393186K [0x0000000080000000, 0x0000000098000000, 0x00000000d5580000)
  object space 393216K, 99% used [0x0000000080000000,0x0000000097ff8b70,0x0000000098000000)
 Metaspace       used 68271K, committed 69568K, reserved 1114112K
  class space    used 7286K, committed 7808K, reserved 1048576K
}
Event: 1066.211 GC heap after
{Heap after GC invocations=362 (full 3):
 PSYoungGen      total 5120K, used 306K [0x00000000d5580000, 0x00000000d5b80000, 0x0000000100000000)
  eden space 4608K, 0% used [0x00000000d5580000,0x00000000d5580000,0x00000000d5a00000)
  from space 512K, 59% used [0x00000000d5a80000,0x00000000d5accaf0,0x00000000d5b00000)
  to   space 512K, 0% used [0x00000000d5b00000,0x00000000d5b00000,0x00000000d5b80000)
 ParOldGen       total 393728K, used 393226K [0x0000000080000000, 0x0000000098080000, 0x00000000d5580000)
  object space 393728K, 99% used [0x0000000080000000,0x0000000098002b70,0x0000000098080000)
 Metaspace       used 68271K, committed 69568K, reserved 1114112K
  class space    used 7286K, committed 7808K, reserved 1048576K
}
Event: 1066.424 GC heap before
{Heap before GC invocations=363 (full 3):
 PSYoungGen      total 5120K, used 4914K [0x00000000d5580000, 0x00000000d5b80000, 0x0000000100000000)
  eden space 4608K, 100% used [0x00000000d5580000,0x00000000d5a00000,0x00000000d5a00000)
  from space 512K, 59% used [0x00000000d5a80000,0x00000000d5accaf0,0x00000000d5b00000)
  to   space 512K, 0% used [0x00000000d5b00000,0x00000000d5b00000,0x00000000d5b80000)
 ParOldGen       total 393728K, used 393226K [0x0000000080000000, 0x0000000098080000, 0x00000000d5580000)
  object space 393728K, 99% used [0x0000000080000000,0x0000000098002b70,0x0000000098080000)
 Metaspace       used 68321K, committed 69696K, reserved 1114112K
  class space    used 7295K, committed 7872K, reserved 1048576K
}
Event: 1066.431 GC heap after
{Heap after GC invocations=363 (full 3):
 PSYoungGen      total 3072K, used 497K [0x00000000d5580000, 0x00000000d6000000, 0x0000000100000000)
  eden space 2560K, 0% used [0x00000000d5580000,0x00000000d5580000,0x00000000d5800000)
  from space 512K, 97% used [0x00000000d5b00000,0x00000000d5b7c7b0,0x00000000d5b80000)
  to   space 3072K, 0% used [0x00000000d5800000,0x00000000d5800000,0x00000000d5b00000)
 ParOldGen       total 395264K, used 395211K [0x0000000080000000, 0x0000000098200000, 0x00000000d5580000)
  object space 395264K, 99% used [0x0000000080000000,0x00000000981f2d28,0x0000000098200000)
 Metaspace       used 68321K, committed 69696K, reserved 1114112K
  class space    used 7295K, committed 7872K, reserved 1048576K
}
Event: 1066.557 GC heap before
{Heap before GC invocations=364 (full 3):
 PSYoungGen      total 3072K, used 2825K [0x00000000d5580000, 0x00000000d6000000, 0x0000000100000000)
  eden space 2560K, 90% used [0x00000000d5580000,0x00000000d57c6028,0x00000000d5800000)
  from space 512K, 97% used [0x00000000d5b00000,0x00000000d5b7c7b0,0x00000000d5b80000)
  to   space 3072K, 0% used [0x00000000d5800000,0x00000000d5800000,0x00000000d5b00000)
 ParOldGen       total 397312K, used 397100K [0x0000000080000000, 0x0000000098400000, 0x00000000d5580000)
  object space 397312K, 99% used [0x0000000080000000,0x00000000983cb0c0,0x0000000098400000)
 Metaspace       used 68380K, committed 69696K, reserved 1114112K
  class space    used 7301K, committed 7872K, reserved 1048576K
}
Event: 1066.561 GC heap after
{Heap after GC invocations=364 (full 3):
 PSYoungGen      total 4608K, used 1732K [0x00000000d5580000, 0x00000000d5c00000, 0x0000000100000000)
  eden space 2560K, 0% used [0x00000000d5580000,0x00000000d5580000,0x00000000d5800000)
  from space 2048K, 84% used [0x00000000d5800000,0x00000000d59b11a8,0x00000000d5a00000)
  to   space 2048K, 0% used [0x00000000d5a00000,0x00000000d5a00000,0x00000000d5c00000)
 ParOldGen       total 397312K, used 397196K [0x0000000080000000, 0x0000000098400000, 0x00000000d5580000)
  object space 397312K, 99% used [0x0000000080000000,0x00000000983e30c0,0x0000000098400000)
 Metaspace       used 68380K, committed 69696K, reserved 1114112K
  class space    used 7301K, committed 7872K, reserved 1048576K
}
Event: 1066.895 GC heap before
{Heap before GC invocations=365 (full 3):
 PSYoungGen      total 4608K, used 4292K [0x00000000d5580000, 0x00000000d5c00000, 0x0000000100000000)
  eden space 2560K, 100% used [0x00000000d5580000,0x00000000d5800000,0x00000000d5800000)
  from space 2048K, 84% used [0x00000000d5800000,0x00000000d59b11a8,0x00000000d5a00000)
  to   space 2048K, 0% used [0x00000000d5a00000,0x00000000d5a00000,0x00000000d5c00000)
 ParOldGen       total 397312K, used 397196K [0x0000000080000000, 0x0000000098400000, 0x00000000d5580000)
  object space 397312K, 99% used [0x0000000080000000,0x00000000983e30c0,0x0000000098400000)
 Metaspace       used 68418K, committed 69760K, reserved 1114112K
  class space    used 7305K, committed 7872K, reserved 1048576K
}
Event: 1066.901 GC heap after
{Heap after GC invocations=365 (full 3):
 PSYoungGen      total 4096K, used 1100K [0x00000000d5580000, 0x00000000d5b80000, 0x0000000100000000)
  eden space 2560K, 0% used [0x00000000d5580000,0x00000000d5580000,0x00000000d5800000)
  from space 1536K, 71% used [0x00000000d5a00000,0x00000000d5b131e0,0x00000000d5b80000)
  to   space 1536K, 0% used [0x00000000d5880000,0x00000000d5880000,0x00000000d5a00000)
 ParOldGen       total 398336K, used 398026K [0x0000000080000000, 0x0000000098500000, 0x00000000d5580000)
  object space 398336K, 99% used [0x0000000080000000,0x00000000984b2860,0x0000000098500000)
 Metaspace       used 68418K, committed 69760K, reserved 1114112K
  class space    used 7305K, committed 7872K, reserved 1048576K
}

