# JRE version: OpenJDK Runtime Environment Temurin-21.0.9+10 (21.0.9+10) (build 21.0.9+10-LTS)
# Java VM: OpenJDK 64-Bit Server VM Temurin-21.0.9+10 (21.0.9+10-LTS, mixed mode, sharing, tiered, compressed oops, compressed class ptrs, parallel gc, windows-amd64)
GC Precious Log:
 CardTable entry size: 512
 CPUs: 4 total, 4 available
 Memory: 6063M
 Large Page Support: Disabled
 NUMA Support: Disabled
 Compressed Oops: Enabled (32-bit)
 Alignments: Space 512K, Generation 512K, Heap 2M
 Heap Min Capacity: 100M
 Heap Initial Capacity: 100M
 Heap Max Capacity: 2G
 Pre-touch: Disabled
 Parallel Workers: 4
Heap:
 PSYoungGen      total 6144K, used 4599K [0x00000000d5580000, 0x00000000d5c80000, 0x0000000100000000)
  eden space 5632K, 79% used [0x00000000d5580000,0x00000000d59e5e10,0x00000000d5b00000)
  from space 512K, 18% used [0x00000000d5b80000,0x00000000d5b98000,0x00000000d5c00000)
  to   space 512K, 0% used [0x00000000d5b00000,0x00000000d5b00000,0x00000000d5b80000)
 ParOldGen       total 998400K, used 997958K [0x0000000080000000, 0x00000000bcf00000, 0x00000000d5580000)
  object space 998400K, 99% used [0x0000000080000000,0x00000000bce91a70,0x00000000bcf00000)
 Metaspace       used 72769K, committed 74304K, reserved 1179648K
  class space    used 7382K, committed 8128K, reserved 1048576K
GC Heap History (20 events):
Event: 379.083 GC heap before
{Heap before GC invocations=902 (full 3):
 PSYoungGen      total 3072K, used 2727K [0x00000000d5580000, 0x00000000d5c00000, 0x0000000100000000)
  eden space 2560K, 100% used [0x00000000d5580000,0x00000000d5800000,0x00000000d5800000)
  from space 512K, 32% used [0x00000000d5b80000,0x00000000d5ba9d90,0x00000000d5c00000)
  to   space 512K, 0% used [0x00000000d5b00000,0x00000000d5b00000,0x00000000d5b80000)
 ParOldGen       total 995840K, used 995580K [0x0000000080000000, 0x00000000bcc80000, 0x00000000d5580000)
  object space 995840K, 99% used [0x0000000080000000,0x00000000bcc3f3a8,0x00000000bcc80000)
 Metaspace       used 72760K, committed 74304K, reserved 1179648K
  class space    used 7382K, committed 8128K, reserved 1048576K
}
Event: 379.089 GC heap after
{Heap after GC invocations=902 (full 3):
 PSYoungGen      total 3072K, used 176K [0x00000000d5580000, 0x00000000d5c00000, 0x0000000100000000)
  eden space 2560K, 0% used [0x00000000d5580000,0x00000000d5580000,0x00000000d5800000)
  from space 512K, 34% used [0x00000000d5b00000,0x00000000d5b2c010,0x00000000d5b80000)
  to   space 512K, 0% used [0x00000000d5b80000,0x00000000d5b80000,0x00000000d5c00000)
 ParOldGen       total 995840K, used 995612K [0x0000000080000000, 0x00000000bcc80000, 0x00000000d5580000)
  object space 995840K, 99% used [0x0000000080000000,0x00000000bcc473a8,0x00000000bcc80000)
 Metaspace       used 72760K, committed 74304K, reserved 1179648K
  class space    used 7382K, committed 8128K, reserved 1048576K
}
Event: 379.675 GC heap before
{Heap before GC invocations=903 (full 3):
 PSYoungGen      total 3072K, used 1702K [0x00000000d5580000, 0x00000000d5c00000, 0x0000000100000000)
  eden space 2560K, 59% used [0x00000000d5580000,0x00000000d56fdb58,0x00000000d5800000)
  from space 512K, 34% used [0x00000000d5b00000,0x00000000d5b2c010,0x00000000d5b80000)
  to   space 512K, 0% used [0x00000000d5b80000,0x00000000d5b80000,0x00000000d5c00000)
 ParOldGen       total 997888K, used 997501K [0x0000000080000000, 0x00000000bce80000, 0x00000000d5580000)
  object space 997888K, 99% used [0x0000000080000000,0x00000000bce1f740,0x00000000bce80000)
 Metaspace       used 72769K, committed 74304K, reserved 1179648K
  class space    used 7382K, committed 8128K, reserved 1048576K
}
Event: 379.680 GC heap after
{Heap after GC invocations=903 (full 3):
 PSYoungGen      total 3072K, used 192K [0x00000000d5580000, 0x00000000d5c00000, 0x0000000100000000)
  eden space 2560K, 0% used [0x00000000d5580000,0x00000000d5580000,0x00000000d5800000)
  from space 512K, 37% used [0x00000000d5b80000,0x00000000d5bb0000,0x00000000d5c00000)
  to   space 512K, 0% used [0x00000000d5b00000,0x00000000d5b00000,0x00000000d5b80000)
 ParOldGen       total 997888K, used 997549K [0x0000000080000000, 0x00000000bce80000, 0x00000000d5580000)
  object space 997888K, 99% used [0x0000000080000000,0x00000000bce2b740,0x00000000bce80000)
 Metaspace       used 72769K, committed 74304K, reserved 1179648K
  class space    used 7382K, committed 8128K, reserved 1048576K
}
Event: 379.694 GC heap before
{Heap before GC invocations=904 (full 3):
 PSYoungGen      total 3072K, used 2410K [0x00000000d5580000, 0x00000000d5c00000, 0x0000000100000000)
  eden space 2560K, 86% used [0x00000000d5580000,0x00000000d57aa8b8,0x00000000d5800000)
  from space 512K, 37% used [0x00000000d5b80000,0x00000000d5bb0000,0x00000000d5c00000)
  to   space 512K, 0% used [0x00000000d5b00000,0x00000000d5b00000,0x00000000d5b80000)
 ParOldGen       total 997888K, used 997549K [0x0000000080000000, 0x00000000bce80000, 0x00000000d5580000)
  object space 997888K, 99% used [0x0000000080000000,0x00000000bce2b740,0x00000000bce80000)
 Metaspace       used 72769K, committed 74304K, reserved 1179648K
  class space    used 7382K, committed 8128K, reserved 1048576K
}
Event: 379.699 GC heap after
{Heap after GC invocations=904 (full 3):
 PSYoungGen      total 3072K, used 128K [0x00000000d5580000, 0x00000000d5c00000, 0x0000000100000000)
  eden space 2560K, 0% used [0x00000000d5580000,0x00000000d5580000,0x00000000d5800000)
  from space 512K, 25% used [0x00000000d5b00000,0x00000000d5b20000,0x00000000d5b80000)
  to   space 512K, 0% used [0x00000000d5b80000,0x00000000d5b80000,0x00000000d5c00000)
 ParOldGen       total 997888K, used 997670K [0x0000000080000000, 0x00000000bce80000, 0x00000000d5580000)
  object space 997888K, 99% used [0x0000000080000000,0x00000000bce49a60,0x00000000bce80000)
 Metaspace       used 72769K, committed 74304K, reserved 1179648K
  class space    used 7382K, committed 8128K, reserved 1048576K
}
Event: 379.721 GC heap before
{Heap before GC invocations=905 (full 3):
 PSYoungGen      total 3072K, used 2426K [0x00000000d5580000, 0x00000000d5c00000, 0x0000000100000000)
  eden space 2560K, 89% used [0x00000000d5580000,0x00000000d57beac8,0x00000000d5800000)
  from space 512K, 25% used [0x00000000d5b00000,0x00000000d5b20000,0x00000000d5b80000)
  to   space 512K, 0% used [0x00000000d5b80000,0x00000000d5b80000,0x00000000d5c00000)
 ParOldGen       total 997888K, used 997670K [0x0000000080000000, 0x00000000bce80000, 0x00000000d5580000)
  object space 997888K, 99% used [0x0000000080000000,0x00000000bce49a60,0x00000000bce80000)
 Metaspace       used 72769K, committed 74304K, reserved 1179648K
  class space    used 7382K, committed 8128K, reserved 1048576K
}
Event: 379.726 GC heap after
{Heap after GC invocations=905 (full 3):
 PSYoungGen      total 3072K, used 192K [0x00000000d5580000, 0x00000000d5c00000, 0x0000000100000000)
  eden space 2560K, 0% used [0x00000000d5580000,0x00000000d5580000,0x00000000d5800000)
  from space 512K, 37% used [0x00000000d5b80000,0x00000000d5bb0010,0x00000000d5c00000)
  to   space 512K, 0% used [0x00000000d5b00000,0x00000000d5b00000,0x00000000d5b80000)
 ParOldGen       total 997888K, used 997694K [0x0000000080000000, 0x00000000bce80000, 0x00000000d5580000)
  object space 997888K, 99% used [0x0000000080000000,0x00000000bce4fa60,0x00000000bce80000)
 Metaspace       used 72769K, committed 74304K, reserved 1179648K
  class space    used 7382K, committed 8128K, reserved 1048576K
}
Event: 379.740 GC heap before
{Heap before GC invocations=906 (full 3):
 PSYoungGen      total 3072K, used 2414K [0x00000000d5580000, 0x00000000d5c00000, 0x0000000100000000)
  eden space 2560K, 86% used [0x00000000d5580000,0x00000000d57ab880,0x00000000d5800000)
  from space 512K, 37% used [0x00000000d5b80000,0x00000000d5bb0010,0x00000000d5c00000)
  to   space 512K, 0% used [0x00000000d5b00000,0x00000000d5b00000,0x00000000d5b80000)
 ParOldGen       total 997888K, used 997694K [0x0000000080000000, 0x00000000bce80000, 0x00000000d5580000)
  object space 997888K, 99% used [0x0000000080000000,0x00000000bce4fa60,0x00000000bce80000)
 Metaspace       used 72769K, committed 74304K, reserved 1179648K
  class space    used 7382K, committed 8128K, reserved 1048576K
}
Event: 379.747 GC heap after
{Heap after GC invocations=906 (full 3):
 PSYoungGen      total 3072K, used 64K [0x00000000d5580000, 0x00000000d5c00000, 0x0000000100000000)
  eden space 2560K, 0% used [0x00000000d5580000,0x00000000d5580000,0x00000000d5800000)
  from space 512K, 12% used [0x00000000d5b00000,0x00000000d5b10000,0x00000000d5b80000)
  to   space 512K, 0% used [0x00000000d5b80000,0x00000000d5b80000,0x00000000d5c00000)
 ParOldGen       total 997888K, used 997790K [0x0000000080000000, 0x00000000bce80000, 0x00000000d5580000)
  object space 997888K, 99% used [0x0000000080000000,0x00000000bce67a70,0x00000000bce80000)
 Metaspace       used 72769K, committed 74304K, reserved 1179648K
  class space    used 7382K, committed 8128K, reserved 1048576K
}
Event: 379.761 GC heap before
{Heap before GC invocations=907 (full 3):
 PSYoungGen      total 3072K, used 2319K [0x00000000d5580000, 0x00000000d5c00000, 0x0000000100000000)
  eden space 2560K, 88% used [0x00000000d5580000,0x00000000d57b3e58,0x00000000d5800000)
  from space 512K, 12% used [0x00000000d5b00000,0x00000000d5b10000,0x00000000d5b80000)
  to   space 512K, 0% used [0x00000000d5b80000,0x00000000d5b80000,0x00000000d5c00000)
 ParOldGen       total 997888K, used 997790K [0x0000000080000000, 0x00000000bce80000, 0x00000000d5580000)
  object space 997888K, 99% used [0x0000000080000000,0x00000000bce67a70,0x00000000bce80000)
 Metaspace       used 72769K, committed 74304K, reserved 1179648K
  class space    used 7382K, committed 8128K, reserved 1048576K
}
Event: 379.765 GC heap after
{Heap after GC invocations=907 (full 3):
 PSYoungGen      total 3072K, used 96K [0x00000000d5580000, 0x00000000d5c00000, 0x0000000100000000)
  eden space 2560K, 0% used [0x00000000d5580000,0x00000000d5580000,0x00000000d5800000)
  from space 512K, 18% used [0x00000000d5b80000,0x00000000d5b98000,0x00000000d5c00000)
  to   space 512K, 0% used [0x00000000d5b00000,0x00000000d5b00000,0x00000000d5b80000)
 ParOldGen       total 997888K, used 997814K [0x0000000080000000, 0x00000000bce80000, 0x00000000d5580000)
  object space 997888K, 99% used [0x0000000080000000,0x00000000bce6da70,0x00000000bce80000)
 Metaspace       used 72769K, committed 74304K, reserved 1179648K
  class space    used 7382K, committed 8128K, reserved 1048576K
}
Event: 379.789 GC heap before
{Heap before GC invocations=908 (full 3):
 PSYoungGen      total 3072K, used 2470K [0x00000000d5580000, 0x00000000d5c00000, 0x0000000100000000)
  eden space 2560K, 92% used [0x00000000d5580000,0x00000000d57d1908,0x00000000d5800000)
  from space 512K, 18% used [0x00000000d5b80000,0x00000000d5b98000,0x00000000d5c00000)
  to   space 512K, 0% used [0x00000000d5b00000,0x00000000d5b00000,0x00000000d5b80000)
 ParOldGen       total 997888K, used 997814K [0x0000000080000000, 0x00000000bce80000, 0x00000000d5580000)
  object space 997888K, 99% used [0x0000000080000000,0x00000000bce6da70,0x00000000bce80000)
 Metaspace       used 72769K, committed 74304K, reserved 1179648K
  class space    used 7382K, committed 8128K, reserved 1048576K
}
Event: 379.798 GC heap after
{Heap after GC invocations=908 (full 3):
 PSYoungGen      total 3584K, used 128K [0x00000000d5580000, 0x00000000d5c00000, 0x0000000100000000)
  eden space 3072K, 0% used [0x00000000d5580000,0x00000000d5580000,0x00000000d5880000)
  from space 512K, 25% used [0x00000000d5b00000,0x00000000d5b20000,0x00000000d5b80000)
  to   space 512K, 0% used [0x00000000d5b80000,0x00000000d5b80000,0x00000000d5c00000)
 ParOldGen       total 997888K, used 997846K [0x0000000080000000, 0x00000000bce80000, 0x00000000d5580000)
  object space 997888K, 99% used [0x0000000080000000,0x00000000bce75a70,0x00000000bce80000)
 Metaspace       used 72769K, committed 74304K, reserved 1179648K
  class space    used 7382K, committed 8128K, reserved 1048576K
}
Event: 379.810 GC heap before
{Heap before GC invocations=909 (full 3):
 PSYoungGen      total 3584K, used 2325K [0x00000000d5580000, 0x00000000d5c00000, 0x0000000100000000)
  eden space 3072K, 71% used [0x00000000d5580000,0x00000000d57a5520,0x00000000d5880000)
  from space 512K, 25% used [0x00000000d5b00000,0x00000000d5b20000,0x00000000d5b80000)
  to   space 512K, 0% used [0x00000000d5b80000,0x00000000d5b80000,0x00000000d5c00000)
 ParOldGen       total 997888K, used 997846K [0x0000000080000000, 0x00000000bce80000, 0x00000000d5580000)
  object space 997888K, 99% used [0x0000000080000000,0x00000000bce75a70,0x00000000bce80000)
 Metaspace       used 72769K, committed 74304K, reserved 1179648K
  class space    used 7382K, committed 8128K, reserved 1048576K
}
Event: 379.818 GC heap after
{Heap after GC invocations=909 (full 3):
 PSYoungGen      total 4608K, used 64K [0x00000000d5580000, 0x00000000d5c00000, 0x0000000100000000)
  eden space 4096K, 0% used [0x00000000d5580000,0x00000000d5580000,0x00000000d5980000)
  from space 512K, 12% used [0x00000000d5b80000,0x00000000d5b90000,0x00000000d5c00000)
  to   space 512K, 0% used [0x00000000d5b00000,0x00000000d5b00000,0x00000000d5b80000)
 ParOldGen       total 997888K, used 997870K [0x0000000080000000, 0x00000000bce80000, 0x00000000d5580000)
  object space 997888K, 99% used [0x0000000080000000,0x00000000bce7ba70,0x00000000bce80000)
 Metaspace       used 72769K, committed 74304K, reserved 1179648K
  class space    used 7382K, committed 8128K, reserved 1048576K
}
Event: 379.851 GC heap before
{Heap before GC invocations=910 (full 3):
 PSYoungGen      total 4608K, used 2511K [0x00000000d5580000, 0x00000000d5c00000, 0x0000000100000000)
  eden space 4096K, 59% used [0x00000000d5580000,0x00000000d57e3e50,0x00000000d5980000)
  from space 512K, 12% used [0x00000000d5b80000,0x00000000d5b90000,0x00000000d5c00000)
  to   space 512K, 0% used [0x00000000d5b00000,0x00000000d5b00000,0x00000000d5b80000)
 ParOldGen       total 997888K, used 997870K [0x0000000080000000, 0x00000000bce80000, 0x00000000d5580000)
  object space 997888K, 99% used [0x0000000080000000,0x00000000bce7ba70,0x00000000bce80000)
 Metaspace       used 72769K, committed 74304K, reserved 1179648K
  class space    used 7382K, committed 8128K, reserved 1048576K
}
Event: 379.857 GC heap after
{Heap after GC invocations=910 (full 3):
 PSYoungGen      total 5632K, used 128K [0x00000000d5580000, 0x00000000d5c00000, 0x0000000100000000)
  eden space 5120K, 0% used [0x00000000d5580000,0x00000000d5580000,0x00000000d5a80000)
  from space 512K, 25% used [0x00000000d5b00000,0x00000000d5b20000,0x00000000d5b80000)
  to   space 512K, 0% used [0x00000000d5b80000,0x00000000d5b80000,0x00000000d5c00000)
 ParOldGen       total 998400K, used 997894K [0x0000000080000000, 0x00000000bcf00000, 0x00000000d5580000)
  object space 998400K, 99% used [0x0000000080000000,0x00000000bce81a70,0x00000000bcf00000)
 Metaspace       used 72769K, committed 74304K, reserved 1179648K
  class space    used 7382K, committed 8128K, reserved 1048576K
}
Event: 379.883 GC heap before
{Heap before GC invocations=911 (full 3):
 PSYoungGen      total 5632K, used 4608K [0x00000000d5580000, 0x00000000d5c00000, 0x0000000100000000)
  eden space 5120K, 87% used [0x00000000d5580000,0x00000000d59e0298,0x00000000d5a80000)
  from space 512K, 25% used [0x00000000d5b00000,0x00000000d5b20000,0x00000000d5b80000)
  to   space 512K, 0% used [0x00000000d5b80000,0x00000000d5b80000,0x00000000d5c00000)
 ParOldGen       total 998400K, used 997894K [0x0000000080000000, 0x00000000bcf00000, 0x00000000d5580000)
  object space 998400K, 99% used [0x0000000080000000,0x00000000bce81a70,0x00000000bcf00000)
 Metaspace       used 72769K, committed 74304K, reserved 1179648K
  class space    used 7382K, committed 8128K, reserved 1048576K
}
Event: 379.890 GC heap after
{Heap after GC invocations=911 (full 3):
 PSYoungGen      total 6144K, used 96K [0x00000000d5580000, 0x00000000d5c80000, 0x0000000100000000)
  eden space 5632K, 0% used [0x00000000d5580000,0x00000000d5580000,0x00000000d5b00000)
  from space 512K, 18% used [0x00000000d5b80000,0x00000000d5b98000,0x00000000d5c00000)
  to   space 512K, 0% used [0x00000000d5b00000,0x00000000d5b00000,0x00000000d5b80000)
 ParOldGen       total 998400K, used 997958K [0x0000000080000000, 0x00000000bcf00000, 0x00000000d5580000)
  object space 998400K, 99% used [0x0000000080000000,0x00000000bce91a70,0x00000000bcf00000)
 Metaspace       used 72769K, committed 74304K, reserved 1179648K
  class space    used 7382K, committed 8128K, reserved 1048576K
}

